CRITICAL - 2022-02-13 01:57:59 --> Call to a member function checkCarryBalnce() on null
#0 C:\xampp\htdocs\360HRIS\system\View\View.php(230): include()
#1 C:\xampp\htdocs\360HRIS\system\View\View.php(232): CodeIgniter\View\View->CodeIgniter\View\{closure}()
#2 C:\xampp\htdocs\360HRIS\system\Common.php(1271): CodeIgniter\View\View->render('erp/leave_repor...', Array, true)
#3 C:\xampp\htdocs\360HRIS\app\Controllers\Erp\Leave.php(139): view('erp/leave_repor...', Array)
#4 C:\xampp\htdocs\360HRIS\system\CodeIgniter.php(928): App\Controllers\Erp\Leave->leave_summary_report()
#5 C:\xampp\htdocs\360HRIS\system\CodeIgniter.php(436): CodeIgniter\CodeIgniter->runController(Object(App\Controllers\Erp\Leave))
#6 C:\xampp\htdocs\360HRIS\system\CodeIgniter.php(336): CodeIgniter\CodeIgniter->handleRequest(NULL, Object(Config\Cache), false)
#7 C:\xampp\htdocs\360HRIS\index.php(45): CodeIgniter\CodeIgniter->run()
#8 {main}
CRITICAL - 2022-02-13 02:02:06 --> Call to undefined function checkCarryBalnce()
#0 C:\xampp\htdocs\360HRIS\system\View\View.php(230): include()
#1 C:\xampp\htdocs\360HRIS\system\View\View.php(232): CodeIgniter\View\View->CodeIgniter\View\{closure}()
#2 C:\xampp\htdocs\360HRIS\system\Common.php(1271): CodeIgniter\View\View->render('erp/leave_repor...', Array, true)
#3 C:\xampp\htdocs\360HRIS\app\Controllers\Erp\Leave.php(139): view('erp/leave_repor...', Array)
#4 C:\xampp\htdocs\360HRIS\system\CodeIgniter.php(928): App\Controllers\Erp\Leave->leave_summary_report()
#5 C:\xampp\htdocs\360HRIS\system\CodeIgniter.php(436): CodeIgniter\CodeIgniter->runController(Object(App\Controllers\Erp\Leave))
#6 C:\xampp\htdocs\360HRIS\system\CodeIgniter.php(336): CodeIgniter\CodeIgniter->handleRequest(NULL, Object(Config\Cache), false)
#7 C:\xampp\htdocs\360HRIS\index.php(45): CodeIgniter\CodeIgniter->run()
#8 {main}
