CRITICAL - 2022-02-16 02:33:16 --> Call to a member function getResult() on bool
#0 C:\xampp\htdocs\360HRIS\system\BaseModel.php(603): CodeIgniter\Model->doFindAll(0, 0)
#1 C:\xampp\htdocs\360HRIS\app\Views\erp\leave\leave_details.php(45): CodeIgniter\BaseModel->findAll()
#2 C:\xampp\htdocs\360HRIS\system\View\View.php(230): include('C:\\xampp\\htdocs...')
#3 C:\xampp\htdocs\360HRIS\system\View\View.php(232): CodeIgniter\View\View->CodeIgniter\View\{closure}()
#4 C:\xampp\htdocs\360HRIS\system\Common.php(1271): CodeIgniter\View\View->render('erp/leave/leave...', Array, true)
#5 C:\xampp\htdocs\360HRIS\app\Controllers\Erp\Leave.php(236): view('erp/leave/leave...', Array)
#6 C:\xampp\htdocs\360HRIS\system\CodeIgniter.php(928): App\Controllers\Erp\Leave->view_leave()
#7 C:\xampp\htdocs\360HRIS\system\CodeIgniter.php(436): CodeIgniter\CodeIgniter->runController(Object(App\Controllers\Erp\Leave))
#8 C:\xampp\htdocs\360HRIS\system\CodeIgniter.php(336): CodeIgniter\CodeIgniter->handleRequest(NULL, Object(Config\Cache), false)
#9 C:\xampp\htdocs\360HRIS\index.php(45): CodeIgniter\CodeIgniter->run()
#10 {main}
CRITICAL - 2022-02-16 02:34:01 --> Call to a member function getResult() on bool
#0 C:\xampp\htdocs\360HRIS\system\BaseModel.php(603): CodeIgniter\Model->doFindAll(0, 0)
#1 C:\xampp\htdocs\360HRIS\app\Views\erp\leave\leave_details.php(45): CodeIgniter\BaseModel->findAll()
#2 C:\xampp\htdocs\360HRIS\system\View\View.php(230): include('C:\\xampp\\htdocs...')
#3 C:\xampp\htdocs\360HRIS\system\View\View.php(232): CodeIgniter\View\View->CodeIgniter\View\{closure}()
#4 C:\xampp\htdocs\360HRIS\system\Common.php(1271): CodeIgniter\View\View->render('erp/leave/leave...', Array, true)
#5 C:\xampp\htdocs\360HRIS\app\Controllers\Erp\Leave.php(236): view('erp/leave/leave...', Array)
#6 C:\xampp\htdocs\360HRIS\system\CodeIgniter.php(928): App\Controllers\Erp\Leave->view_leave()
#7 C:\xampp\htdocs\360HRIS\system\CodeIgniter.php(436): CodeIgniter\CodeIgniter->runController(Object(App\Controllers\Erp\Leave))
#8 C:\xampp\htdocs\360HRIS\system\CodeIgniter.php(336): CodeIgniter\CodeIgniter->handleRequest(NULL, Object(Config\Cache), false)
#9 C:\xampp\htdocs\360HRIS\index.php(45): CodeIgniter\CodeIgniter->run()
#10 {main}
CRITICAL - 2022-02-16 02:38:55 --> Call to a member function getResult() on bool
#0 C:\xampp\htdocs\360HRIS\system\BaseModel.php(603): CodeIgniter\Model->doFindAll(0, 0)
#1 C:\xampp\htdocs\360HRIS\app\Views\erp\leave\leave_details.php(48): CodeIgniter\BaseModel->findAll()
#2 C:\xampp\htdocs\360HRIS\system\View\View.php(230): include('C:\\xampp\\htdocs...')
#3 C:\xampp\htdocs\360HRIS\system\View\View.php(232): CodeIgniter\View\View->CodeIgniter\View\{closure}()
#4 C:\xampp\htdocs\360HRIS\system\Common.php(1271): CodeIgniter\View\View->render('erp/leave/leave...', Array, true)
#5 C:\xampp\htdocs\360HRIS\app\Controllers\Erp\Leave.php(236): view('erp/leave/leave...', Array)
#6 C:\xampp\htdocs\360HRIS\system\CodeIgniter.php(928): App\Controllers\Erp\Leave->view_leave()
#7 C:\xampp\htdocs\360HRIS\system\CodeIgniter.php(436): CodeIgniter\CodeIgniter->runController(Object(App\Controllers\Erp\Leave))
#8 C:\xampp\htdocs\360HRIS\system\CodeIgniter.php(336): CodeIgniter\CodeIgniter->handleRequest(NULL, Object(Config\Cache), false)
#9 C:\xampp\htdocs\360HRIS\index.php(45): CodeIgniter\CodeIgniter->run()
#10 {main}
CRITICAL - 2022-02-16 04:39:21 --> Undefined variable: result
#0 C:\xampp\htdocs\360HRIS\app\Helpers\main_helper.php(2117): CodeIgniter\Debug\Exceptions->errorHandler(8, 'Undefined varia...', 'C:\\xampp\\htdocs...', 2117, Array)
#1 C:\xampp\htdocs\360HRIS\system\Common.php(734): include_once('C:\\xampp\\htdocs...')
#2 C:\xampp\htdocs\360HRIS\system\Controller.php(92): helper(Array)
#3 C:\xampp\htdocs\360HRIS\app\Controllers\BaseController.php(36): CodeIgniter\Controller->initController(Object(CodeIgniter\HTTP\IncomingRequest), Object(CodeIgniter\HTTP\Response), Object(CodeIgniter\Log\Logger))
#4 C:\xampp\htdocs\360HRIS\system\CodeIgniter.php(901): App\Controllers\BaseController->initController(Object(CodeIgniter\HTTP\IncomingRequest), Object(CodeIgniter\HTTP\Response), Object(CodeIgniter\Log\Logger))
#5 C:\xampp\htdocs\360HRIS\system\CodeIgniter.php(426): CodeIgniter\CodeIgniter->createController()
#6 C:\xampp\htdocs\360HRIS\system\CodeIgniter.php(336): CodeIgniter\CodeIgniter->handleRequest(NULL, Object(Config\Cache), false)
#7 C:\xampp\htdocs\360HRIS\index.php(45): CodeIgniter\CodeIgniter->run()
#8 {main}
CRITICAL - 2022-02-16 04:51:03 --> Undefined variable: result
#0 C:\xampp\htdocs\360HRIS\app\Helpers\main_helper.php(2117): CodeIgniter\Debug\Exceptions->errorHandler(8, 'Undefined varia...', 'C:\\xampp\\htdocs...', 2117, Array)
#1 C:\xampp\htdocs\360HRIS\system\Common.php(734): include_once('C:\\xampp\\htdocs...')
#2 C:\xampp\htdocs\360HRIS\system\Controller.php(92): helper(Array)
#3 C:\xampp\htdocs\360HRIS\app\Controllers\BaseController.php(36): CodeIgniter\Controller->initController(Object(CodeIgniter\HTTP\IncomingRequest), Object(CodeIgniter\HTTP\Response), Object(CodeIgniter\Log\Logger))
#4 C:\xampp\htdocs\360HRIS\system\CodeIgniter.php(901): App\Controllers\BaseController->initController(Object(CodeIgniter\HTTP\IncomingRequest), Object(CodeIgniter\HTTP\Response), Object(CodeIgniter\Log\Logger))
#5 C:\xampp\htdocs\360HRIS\system\CodeIgniter.php(426): CodeIgniter\CodeIgniter->createController()
#6 C:\xampp\htdocs\360HRIS\system\CodeIgniter.php(336): CodeIgniter\CodeIgniter->handleRequest(NULL, Object(Config\Cache), false)
#7 C:\xampp\htdocs\360HRIS\index.php(45): CodeIgniter\CodeIgniter->run()
#8 {main}
CRITICAL - 2022-02-16 04:51:22 --> Undefined variable: result
#0 C:\xampp\htdocs\360HRIS\app\Helpers\main_helper.php(2117): CodeIgniter\Debug\Exceptions->errorHandler(8, 'Undefined varia...', 'C:\\xampp\\htdocs...', 2117, Array)
#1 C:\xampp\htdocs\360HRIS\system\Common.php(734): include_once('C:\\xampp\\htdocs...')
#2 C:\xampp\htdocs\360HRIS\system\Controller.php(92): helper(Array)
#3 C:\xampp\htdocs\360HRIS\app\Controllers\BaseController.php(36): CodeIgniter\Controller->initController(Object(CodeIgniter\HTTP\IncomingRequest), Object(CodeIgniter\HTTP\Response), Object(CodeIgniter\Log\Logger))
#4 C:\xampp\htdocs\360HRIS\system\CodeIgniter.php(901): App\Controllers\BaseController->initController(Object(CodeIgniter\HTTP\IncomingRequest), Object(CodeIgniter\HTTP\Response), Object(CodeIgniter\Log\Logger))
#5 C:\xampp\htdocs\360HRIS\system\CodeIgniter.php(426): CodeIgniter\CodeIgniter->createController()
#6 C:\xampp\htdocs\360HRIS\system\CodeIgniter.php(336): CodeIgniter\CodeIgniter->handleRequest(NULL, Object(Config\Cache), false)
#7 C:\xampp\htdocs\360HRIS\index.php(45): CodeIgniter\CodeIgniter->run()
#8 {main}
CRITICAL - 2022-02-16 04:51:49 --> Undefined variable: result
#0 C:\xampp\htdocs\360HRIS\app\Helpers\main_helper.php(2117): CodeIgniter\Debug\Exceptions->errorHandler(8, 'Undefined varia...', 'C:\\xampp\\htdocs...', 2117, Array)
#1 C:\xampp\htdocs\360HRIS\system\Common.php(734): include_once('C:\\xampp\\htdocs...')
#2 C:\xampp\htdocs\360HRIS\system\Controller.php(92): helper(Array)
#3 C:\xampp\htdocs\360HRIS\app\Controllers\BaseController.php(36): CodeIgniter\Controller->initController(Object(CodeIgniter\HTTP\IncomingRequest), Object(CodeIgniter\HTTP\Response), Object(CodeIgniter\Log\Logger))
#4 C:\xampp\htdocs\360HRIS\system\CodeIgniter.php(901): App\Controllers\BaseController->initController(Object(CodeIgniter\HTTP\IncomingRequest), Object(CodeIgniter\HTTP\Response), Object(CodeIgniter\Log\Logger))
#5 C:\xampp\htdocs\360HRIS\system\CodeIgniter.php(426): CodeIgniter\CodeIgniter->createController()
#6 C:\xampp\htdocs\360HRIS\system\CodeIgniter.php(336): CodeIgniter\CodeIgniter->handleRequest(NULL, Object(Config\Cache), false)
#7 C:\xampp\htdocs\360HRIS\index.php(45): CodeIgniter\CodeIgniter->run()
#8 {main}
CRITICAL - 2022-02-16 04:53:13 --> Undefined variable: result
#0 C:\xampp\htdocs\360HRIS\app\Helpers\main_helper.php(2116): CodeIgniter\Debug\Exceptions->errorHandler(8, 'Undefined varia...', 'C:\\xampp\\htdocs...', 2116, Array)
#1 C:\xampp\htdocs\360HRIS\system\Common.php(734): include_once('C:\\xampp\\htdocs...')
#2 C:\xampp\htdocs\360HRIS\system\Controller.php(92): helper(Array)
#3 C:\xampp\htdocs\360HRIS\app\Controllers\BaseController.php(36): CodeIgniter\Controller->initController(Object(CodeIgniter\HTTP\IncomingRequest), Object(CodeIgniter\HTTP\Response), Object(CodeIgniter\Log\Logger))
#4 C:\xampp\htdocs\360HRIS\system\CodeIgniter.php(901): App\Controllers\BaseController->initController(Object(CodeIgniter\HTTP\IncomingRequest), Object(CodeIgniter\HTTP\Response), Object(CodeIgniter\Log\Logger))
#5 C:\xampp\htdocs\360HRIS\system\CodeIgniter.php(426): CodeIgniter\CodeIgniter->createController()
#6 C:\xampp\htdocs\360HRIS\system\CodeIgniter.php(336): CodeIgniter\CodeIgniter->handleRequest(NULL, Object(Config\Cache), false)
#7 C:\xampp\htdocs\360HRIS\index.php(45): CodeIgniter\CodeIgniter->run()
#8 {main}
CRITICAL - 2022-02-16 04:54:16 --> Undefined variable: result
#0 C:\xampp\htdocs\360HRIS\app\Helpers\main_helper.php(2116): CodeIgniter\Debug\Exceptions->errorHandler(8, 'Undefined varia...', 'C:\\xampp\\htdocs...', 2116, Array)
#1 C:\xampp\htdocs\360HRIS\system\Common.php(734): include_once('C:\\xampp\\htdocs...')
#2 C:\xampp\htdocs\360HRIS\system\Controller.php(92): helper(Array)
#3 C:\xampp\htdocs\360HRIS\app\Controllers\BaseController.php(36): CodeIgniter\Controller->initController(Object(CodeIgniter\HTTP\IncomingRequest), Object(CodeIgniter\HTTP\Response), Object(CodeIgniter\Log\Logger))
#4 C:\xampp\htdocs\360HRIS\system\CodeIgniter.php(901): App\Controllers\BaseController->initController(Object(CodeIgniter\HTTP\IncomingRequest), Object(CodeIgniter\HTTP\Response), Object(CodeIgniter\Log\Logger))
#5 C:\xampp\htdocs\360HRIS\system\CodeIgniter.php(426): CodeIgniter\CodeIgniter->createController()
#6 C:\xampp\htdocs\360HRIS\system\CodeIgniter.php(336): CodeIgniter\CodeIgniter->handleRequest(NULL, Object(Config\Cache), false)
#7 C:\xampp\htdocs\360HRIS\index.php(45): CodeIgniter\CodeIgniter->run()
#8 {main}
CRITICAL - 2022-02-16 04:54:40 --> Undefined variable: result
#0 C:\xampp\htdocs\360HRIS\app\Helpers\main_helper.php(2117): CodeIgniter\Debug\Exceptions->errorHandler(8, 'Undefined varia...', 'C:\\xampp\\htdocs...', 2117, Array)
#1 C:\xampp\htdocs\360HRIS\system\Common.php(734): include_once('C:\\xampp\\htdocs...')
#2 C:\xampp\htdocs\360HRIS\system\Controller.php(92): helper(Array)
#3 C:\xampp\htdocs\360HRIS\app\Controllers\BaseController.php(36): CodeIgniter\Controller->initController(Object(CodeIgniter\HTTP\IncomingRequest), Object(CodeIgniter\HTTP\Response), Object(CodeIgniter\Log\Logger))
#4 C:\xampp\htdocs\360HRIS\system\CodeIgniter.php(901): App\Controllers\BaseController->initController(Object(CodeIgniter\HTTP\IncomingRequest), Object(CodeIgniter\HTTP\Response), Object(CodeIgniter\Log\Logger))
#5 C:\xampp\htdocs\360HRIS\system\CodeIgniter.php(426): CodeIgniter\CodeIgniter->createController()
#6 C:\xampp\htdocs\360HRIS\system\CodeIgniter.php(336): CodeIgniter\CodeIgniter->handleRequest(NULL, Object(Config\Cache), false)
#7 C:\xampp\htdocs\360HRIS\index.php(45): CodeIgniter\CodeIgniter->run()
#8 {main}
CRITICAL - 2022-02-16 02:56:21 --> Table 'z360h694_icloudhr.ci_erp_notifications' doesn't exist
#0 C:\xampp\htdocs\360HRIS\system\Database\MySQLi\Connection.php(329): mysqli->query('SELECT COUNT(*)...')
#1 C:\xampp\htdocs\360HRIS\system\Database\BaseConnection.php(732): CodeIgniter\Database\MySQLi\Connection->execute('SELECT COUNT(*)...')
#2 C:\xampp\htdocs\360HRIS\system\Database\BaseConnection.php(647): CodeIgniter\Database\BaseConnection->simpleQuery('SELECT COUNT(*)...')
#3 C:\xampp\htdocs\360HRIS\system\Database\BaseBuilder.php(1981): CodeIgniter\Database\BaseConnection->query('SELECT COUNT(*)...', Array, false)
#4 C:\xampp\htdocs\360HRIS\system\Model.php(561): CodeIgniter\Database\BaseBuilder->countAllResults(true)
#5 C:\xampp\htdocs\360HRIS\app\Helpers\timehr_helper.php(1651): CodeIgniter\Model->countAllResults()
#6 C:\xampp\htdocs\360HRIS\app\Controllers\Erp\Leave.php(226): update_notifications_read_status_pending('leave_settings', '46')
#7 C:\xampp\htdocs\360HRIS\system\CodeIgniter.php(928): App\Controllers\Erp\Leave->view_leave()
#8 C:\xampp\htdocs\360HRIS\system\CodeIgniter.php(436): CodeIgniter\CodeIgniter->runController(Object(App\Controllers\Erp\Leave))
#9 C:\xampp\htdocs\360HRIS\system\CodeIgniter.php(336): CodeIgniter\CodeIgniter->handleRequest(NULL, Object(Config\Cache), false)
#10 C:\xampp\htdocs\360HRIS\index.php(45): CodeIgniter\CodeIgniter->run()
#11 {main}
CRITICAL - 2022-02-16 02:58:32 --> Table 'z360h694_icloudhr.ci_erp_notifications' doesn't exist
#0 C:\xampp\htdocs\360HRIS\system\Database\MySQLi\Connection.php(329): mysqli->query('SELECT COUNT(*)...')
#1 C:\xampp\htdocs\360HRIS\system\Database\BaseConnection.php(732): CodeIgniter\Database\MySQLi\Connection->execute('SELECT COUNT(*)...')
#2 C:\xampp\htdocs\360HRIS\system\Database\BaseConnection.php(647): CodeIgniter\Database\BaseConnection->simpleQuery('SELECT COUNT(*)...')
#3 C:\xampp\htdocs\360HRIS\system\Database\BaseBuilder.php(1981): CodeIgniter\Database\BaseConnection->query('SELECT COUNT(*)...', Array, false)
#4 C:\xampp\htdocs\360HRIS\system\Model.php(561): CodeIgniter\Database\BaseBuilder->countAllResults(true)
#5 C:\xampp\htdocs\360HRIS\app\Helpers\timehr_helper.php(1651): CodeIgniter\Model->countAllResults()
#6 C:\xampp\htdocs\360HRIS\app\Controllers\Erp\Leave.php(226): update_notifications_read_status_pending('leave_settings', '46')
#7 C:\xampp\htdocs\360HRIS\system\CodeIgniter.php(928): App\Controllers\Erp\Leave->view_leave()
#8 C:\xampp\htdocs\360HRIS\system\CodeIgniter.php(436): CodeIgniter\CodeIgniter->runController(Object(App\Controllers\Erp\Leave))
#9 C:\xampp\htdocs\360HRIS\system\CodeIgniter.php(336): CodeIgniter\CodeIgniter->handleRequest(NULL, Object(Config\Cache), false)
#10 C:\xampp\htdocs\360HRIS\index.php(45): CodeIgniter\CodeIgniter->run()
#11 {main}
CRITICAL - 2022-02-16 03:03:39 --> Table 'z360h694_icloudhr.ci_erp_notifications' doesn't exist
#0 C:\xampp\htdocs\360HRIS\system\Database\MySQLi\Connection.php(329): mysqli->query('SELECT COUNT(*)...')
#1 C:\xampp\htdocs\360HRIS\system\Database\BaseConnection.php(732): CodeIgniter\Database\MySQLi\Connection->execute('SELECT COUNT(*)...')
#2 C:\xampp\htdocs\360HRIS\system\Database\BaseConnection.php(647): CodeIgniter\Database\BaseConnection->simpleQuery('SELECT COUNT(*)...')
#3 C:\xampp\htdocs\360HRIS\system\Database\BaseBuilder.php(1981): CodeIgniter\Database\BaseConnection->query('SELECT COUNT(*)...', Array, false)
#4 C:\xampp\htdocs\360HRIS\system\Model.php(561): CodeIgniter\Database\BaseBuilder->countAllResults(true)
#5 C:\xampp\htdocs\360HRIS\app\Helpers\timehr_helper.php(1651): CodeIgniter\Model->countAllResults()
#6 C:\xampp\htdocs\360HRIS\app\Controllers\Erp\Leave.php(226): update_notifications_read_status_pending('leave_settings', '46')
#7 C:\xampp\htdocs\360HRIS\system\CodeIgniter.php(928): App\Controllers\Erp\Leave->view_leave()
#8 C:\xampp\htdocs\360HRIS\system\CodeIgniter.php(436): CodeIgniter\CodeIgniter->runController(Object(App\Controllers\Erp\Leave))
#9 C:\xampp\htdocs\360HRIS\system\CodeIgniter.php(336): CodeIgniter\CodeIgniter->handleRequest(NULL, Object(Config\Cache), false)
#10 C:\xampp\htdocs\360HRIS\index.php(45): CodeIgniter\CodeIgniter->run()
#11 {main}
CRITICAL - 2022-02-16 03:04:16 --> Table 'z360h694_icloudhr.ci_erp_notifications_approval' doesn't exist
#0 C:\xampp\htdocs\360HRIS\system\Database\MySQLi\Connection.php(329): mysqli->query('SELECT COUNT(*)...')
#1 C:\xampp\htdocs\360HRIS\system\Database\BaseConnection.php(732): CodeIgniter\Database\MySQLi\Connection->execute('SELECT COUNT(*)...')
#2 C:\xampp\htdocs\360HRIS\system\Database\BaseConnection.php(647): CodeIgniter\Database\BaseConnection->simpleQuery('SELECT COUNT(*)...')
#3 C:\xampp\htdocs\360HRIS\system\Database\BaseBuilder.php(1981): CodeIgniter\Database\BaseConnection->query('SELECT COUNT(*)...', Array, false)
#4 C:\xampp\htdocs\360HRIS\system\Model.php(561): CodeIgniter\Database\BaseBuilder->countAllResults(true)
#5 C:\xampp\htdocs\360HRIS\app\Views\erp\leave\leave_details.php(47): CodeIgniter\Model->countAllResults()
#6 C:\xampp\htdocs\360HRIS\system\View\View.php(230): include('C:\\xampp\\htdocs...')
#7 C:\xampp\htdocs\360HRIS\system\View\View.php(232): CodeIgniter\View\View->CodeIgniter\View\{closure}()
#8 C:\xampp\htdocs\360HRIS\system\Common.php(1271): CodeIgniter\View\View->render('erp/leave/leave...', Array, true)
#9 C:\xampp\htdocs\360HRIS\app\Controllers\Erp\Leave.php(236): view('erp/leave/leave...', Array)
#10 C:\xampp\htdocs\360HRIS\system\CodeIgniter.php(928): App\Controllers\Erp\Leave->view_leave()
#11 C:\xampp\htdocs\360HRIS\system\CodeIgniter.php(436): CodeIgniter\CodeIgniter->runController(Object(App\Controllers\Erp\Leave))
#12 C:\xampp\htdocs\360HRIS\system\CodeIgniter.php(336): CodeIgniter\CodeIgniter->handleRequest(NULL, Object(Config\Cache), false)
#13 C:\xampp\htdocs\360HRIS\index.php(45): CodeIgniter\CodeIgniter->run()
#14 {main}
CRITICAL - 2022-02-16 03:06:16 --> Unknown column 'approval_level01' in 'where clause'
#0 C:\xampp\htdocs\360HRIS\system\Database\MySQLi\Connection.php(329): mysqli->query('SELECT COUNT(*)...')
#1 C:\xampp\htdocs\360HRIS\system\Database\BaseConnection.php(732): CodeIgniter\Database\MySQLi\Connection->execute('SELECT COUNT(*)...')
#2 C:\xampp\htdocs\360HRIS\system\Database\BaseConnection.php(647): CodeIgniter\Database\BaseConnection->simpleQuery('SELECT COUNT(*)...')
#3 C:\xampp\htdocs\360HRIS\system\Database\BaseBuilder.php(1981): CodeIgniter\Database\BaseConnection->query('SELECT COUNT(*)...', Array, false)
#4 C:\xampp\htdocs\360HRIS\system\Model.php(561): CodeIgniter\Database\BaseBuilder->countAllResults(true)
#5 C:\xampp\htdocs\360HRIS\app\Helpers\notifications_helper.php(58): CodeIgniter\Model->countAllResults()
#6 C:\xampp\htdocs\360HRIS\app\Views\erp\leave\leave_details.php(49): staff_reporting_manager_info('25', 'leave_settings')
#7 C:\xampp\htdocs\360HRIS\system\View\View.php(230): include('C:\\xampp\\htdocs...')
#8 C:\xampp\htdocs\360HRIS\system\View\View.php(232): CodeIgniter\View\View->CodeIgniter\View\{closure}()
#9 C:\xampp\htdocs\360HRIS\system\Common.php(1271): CodeIgniter\View\View->render('erp/leave/leave...', Array, true)
#10 C:\xampp\htdocs\360HRIS\app\Controllers\Erp\Leave.php(236): view('erp/leave/leave...', Array)
#11 C:\xampp\htdocs\360HRIS\system\CodeIgniter.php(928): App\Controllers\Erp\Leave->view_leave()
#12 C:\xampp\htdocs\360HRIS\system\CodeIgniter.php(436): CodeIgniter\CodeIgniter->runController(Object(App\Controllers\Erp\Leave))
#13 C:\xampp\htdocs\360HRIS\system\CodeIgniter.php(336): CodeIgniter\CodeIgniter->handleRequest(NULL, Object(Config\Cache), false)
#14 C:\xampp\htdocs\360HRIS\index.php(45): CodeIgniter\CodeIgniter->run()
#15 {main}
CRITICAL - 2022-02-16 03:08:05 --> whereIn() expects $values to be of type array or closure
#0 C:\xampp\htdocs\360HRIS\system\Database\BaseBuilder.php(867): CodeIgniter\Database\BaseBuilder->_whereIn('user_id', '0,27', false, 'AND ', NULL)
#1 C:\xampp\htdocs\360HRIS\system\Model.php(800): CodeIgniter\Database\BaseBuilder->whereIn('user_id', '0,27')
#2 C:\xampp\htdocs\360HRIS\app\Helpers\notifications_helper.php(1150): CodeIgniter\Model->__call('whereIn', Array)
#3 C:\xampp\htdocs\360HRIS\app\Helpers\notifications_helper.php(2968): top_level_notify_upon_submission_complaints('complaint_setti...')
#4 C:\xampp\htdocs\360HRIS\app\Views\default\header.php(396): top_level_notifications_info()
#5 C:\xampp\htdocs\360HRIS\system\View\View.php(230): include('C:\\xampp\\htdocs...')
#6 C:\xampp\htdocs\360HRIS\system\View\View.php(232): CodeIgniter\View\View->CodeIgniter\View\{closure}()
#7 C:\xampp\htdocs\360HRIS\system\Common.php(1271): CodeIgniter\View\View->render('default/header', Array, true)
#8 C:\xampp\htdocs\360HRIS\app\Views\erp\layout\layout_main_company.php(93): view('default/header')
#9 C:\xampp\htdocs\360HRIS\system\View\View.php(230): include('C:\\xampp\\htdocs...')
#10 C:\xampp\htdocs\360HRIS\system\View\View.php(232): CodeIgniter\View\View->CodeIgniter\View\{closure}()
#11 C:\xampp\htdocs\360HRIS\system\Common.php(1271): CodeIgniter\View\View->render('erp/layout/layo...', Array, true)
#12 C:\xampp\htdocs\360HRIS\app\Views\erp\layout\layout_main.php(23): view('erp/layout/layo...')
#13 C:\xampp\htdocs\360HRIS\system\View\View.php(230): include('C:\\xampp\\htdocs...')
#14 C:\xampp\htdocs\360HRIS\system\View\View.php(232): CodeIgniter\View\View->CodeIgniter\View\{closure}()
#15 C:\xampp\htdocs\360HRIS\system\Common.php(1271): CodeIgniter\View\View->render('erp/layout/layo...', Array, true)
#16 C:\xampp\htdocs\360HRIS\app\Controllers\Erp\Dashboard.php(61): view('erp/layout/layo...', Array)
#17 C:\xampp\htdocs\360HRIS\system\CodeIgniter.php(928): App\Controllers\Erp\Dashboard->index()
#18 C:\xampp\htdocs\360HRIS\system\CodeIgniter.php(436): CodeIgniter\CodeIgniter->runController(Object(App\Controllers\Erp\Dashboard))
#19 C:\xampp\htdocs\360HRIS\system\CodeIgniter.php(336): CodeIgniter\CodeIgniter->handleRequest(NULL, Object(Config\Cache), false)
#20 C:\xampp\htdocs\360HRIS\index.php(45): CodeIgniter\CodeIgniter->run()
#21 {main}
CRITICAL - 2022-02-16 03:12:19 --> Call to a member function getResult() on bool
#0 C:\xampp\htdocs\360HRIS\system\View\View.php(230): include()
#1 C:\xampp\htdocs\360HRIS\system\View\View.php(232): CodeIgniter\View\View->CodeIgniter\View\{closure}()
#2 C:\xampp\htdocs\360HRIS\system\Common.php(1271): CodeIgniter\View\View->render('erp/leave/leave...', Array, true)
#3 C:\xampp\htdocs\360HRIS\app\Controllers\Erp\Leave.php(236): view('erp/leave/leave...', Array)
#4 C:\xampp\htdocs\360HRIS\system\CodeIgniter.php(928): App\Controllers\Erp\Leave->view_leave()
#5 C:\xampp\htdocs\360HRIS\system\CodeIgniter.php(436): CodeIgniter\CodeIgniter->runController(Object(App\Controllers\Erp\Leave))
#6 C:\xampp\htdocs\360HRIS\system\CodeIgniter.php(336): CodeIgniter\CodeIgniter->handleRequest(NULL, Object(Config\Cache), false)
#7 C:\xampp\htdocs\360HRIS\index.php(45): CodeIgniter\CodeIgniter->run()
#8 {main}
CRITICAL - 2022-02-16 06:13:42 --> The action you requested is not allowed.
#0 C:\xampp\htdocs\360HRIS\system\Security\Security.php(240): CodeIgniter\Security\Exceptions\SecurityException::forDisallowedAction()
#1 C:\xampp\htdocs\360HRIS\system\Filters\CSRF.php(57): CodeIgniter\Security\Security->verify(Object(CodeIgniter\HTTP\IncomingRequest))
#2 C:\xampp\htdocs\360HRIS\system\Filters\Filters.php(181): CodeIgniter\Filters\CSRF->before(Object(CodeIgniter\HTTP\IncomingRequest), NULL)
#3 C:\xampp\htdocs\360HRIS\system\CodeIgniter.php(407): CodeIgniter\Filters\Filters->run('/erp/incidents/...', 'before')
#4 C:\xampp\htdocs\360HRIS\system\CodeIgniter.php(336): CodeIgniter\CodeIgniter->handleRequest(NULL, Object(Config\Cache), false)
#5 C:\xampp\htdocs\360HRIS\index.php(45): CodeIgniter\CodeIgniter->run()
#6 {main}
CRITICAL - 2022-02-16 06:13:44 --> The action you requested is not allowed.
#0 C:\xampp\htdocs\360HRIS\system\Security\Security.php(240): CodeIgniter\Security\Exceptions\SecurityException::forDisallowedAction()
#1 C:\xampp\htdocs\360HRIS\system\Filters\CSRF.php(57): CodeIgniter\Security\Security->verify(Object(CodeIgniter\HTTP\IncomingRequest))
#2 C:\xampp\htdocs\360HRIS\system\Filters\Filters.php(181): CodeIgniter\Filters\CSRF->before(Object(CodeIgniter\HTTP\IncomingRequest), NULL)
#3 C:\xampp\htdocs\360HRIS\system\CodeIgniter.php(407): CodeIgniter\Filters\Filters->run('/erp/incidents/...', 'before')
#4 C:\xampp\htdocs\360HRIS\system\CodeIgniter.php(336): CodeIgniter\CodeIgniter->handleRequest(NULL, Object(Config\Cache), false)
#5 C:\xampp\htdocs\360HRIS\index.php(45): CodeIgniter\CodeIgniter->run()
#6 {main}
CRITICAL - 2022-02-16 06:13:45 --> The action you requested is not allowed.
#0 C:\xampp\htdocs\360HRIS\system\Security\Security.php(240): CodeIgniter\Security\Exceptions\SecurityException::forDisallowedAction()
#1 C:\xampp\htdocs\360HRIS\system\Filters\CSRF.php(57): CodeIgniter\Security\Security->verify(Object(CodeIgniter\HTTP\IncomingRequest))
#2 C:\xampp\htdocs\360HRIS\system\Filters\Filters.php(181): CodeIgniter\Filters\CSRF->before(Object(CodeIgniter\HTTP\IncomingRequest), NULL)
#3 C:\xampp\htdocs\360HRIS\system\CodeIgniter.php(407): CodeIgniter\Filters\Filters->run('/erp/incidents/...', 'before')
#4 C:\xampp\htdocs\360HRIS\system\CodeIgniter.php(336): CodeIgniter\CodeIgniter->handleRequest(NULL, Object(Config\Cache), false)
#5 C:\xampp\htdocs\360HRIS\index.php(45): CodeIgniter\CodeIgniter->run()
#6 {main}
CRITICAL - 2022-02-16 06:13:45 --> The action you requested is not allowed.
#0 C:\xampp\htdocs\360HRIS\system\Security\Security.php(240): CodeIgniter\Security\Exceptions\SecurityException::forDisallowedAction()
#1 C:\xampp\htdocs\360HRIS\system\Filters\CSRF.php(57): CodeIgniter\Security\Security->verify(Object(CodeIgniter\HTTP\IncomingRequest))
#2 C:\xampp\htdocs\360HRIS\system\Filters\Filters.php(181): CodeIgniter\Filters\CSRF->before(Object(CodeIgniter\HTTP\IncomingRequest), NULL)
#3 C:\xampp\htdocs\360HRIS\system\CodeIgniter.php(407): CodeIgniter\Filters\Filters->run('/erp/incidents/...', 'before')
#4 C:\xampp\htdocs\360HRIS\system\CodeIgniter.php(336): CodeIgniter\CodeIgniter->handleRequest(NULL, Object(Config\Cache), false)
#5 C:\xampp\htdocs\360HRIS\index.php(45): CodeIgniter\CodeIgniter->run()
#6 {main}
CRITICAL - 2022-02-16 06:14:00 --> The action you requested is not allowed.
#0 C:\xampp\htdocs\360HRIS\system\Security\Security.php(240): CodeIgniter\Security\Exceptions\SecurityException::forDisallowedAction()
#1 C:\xampp\htdocs\360HRIS\system\Filters\CSRF.php(57): CodeIgniter\Security\Security->verify(Object(CodeIgniter\HTTP\IncomingRequest))
#2 C:\xampp\htdocs\360HRIS\system\Filters\Filters.php(181): CodeIgniter\Filters\CSRF->before(Object(CodeIgniter\HTTP\IncomingRequest), NULL)
#3 C:\xampp\htdocs\360HRIS\system\CodeIgniter.php(407): CodeIgniter\Filters\Filters->run('/erp/incidents/...', 'before')
#4 C:\xampp\htdocs\360HRIS\system\CodeIgniter.php(336): CodeIgniter\CodeIgniter->handleRequest(NULL, Object(Config\Cache), false)
#5 C:\xampp\htdocs\360HRIS\index.php(45): CodeIgniter\CodeIgniter->run()
#6 {main}
