CRITICAL - 2022-03-06 23:31:33 --> Undefined index: approval_levels
#0 C:\xampp\htdocs\360HRIS\app\Views\erp\employees\staff_details.php(105): CodeIgniter\Debug\Exceptions->errorHandler(8, 'Undefined index...', 'C:\\xampp\\htdocs...', 105, Array)
#1 C:\xampp\htdocs\360HRIS\system\View\View.php(230): include('C:\\xampp\\htdocs...')
#2 C:\xampp\htdocs\360HRIS\system\View\View.php(232): CodeIgniter\View\View->CodeIgniter\View\{closure}()
#3 C:\xampp\htdocs\360HRIS\system\Common.php(1271): CodeIgniter\View\View->render('erp/employees/s...', Array, true)
#4 C:\xampp\htdocs\360HRIS\app\Controllers\Erp\Employees.php(162): view('erp/employees/s...', Array)
#5 C:\xampp\htdocs\360HRIS\system\CodeIgniter.php(928): App\Controllers\Erp\Employees->staff_details()
#6 C:\xampp\htdocs\360HRIS\system\CodeIgniter.php(436): CodeIgniter\CodeIgniter->runController(Object(App\Controllers\Erp\Employees))
#7 C:\xampp\htdocs\360HRIS\system\CodeIgniter.php(336): CodeIgniter\CodeIgniter->handleRequest(NULL, Object(Config\Cache), false)
#8 C:\xampp\htdocs\360HRIS\index.php(45): CodeIgniter\CodeIgniter->run()
#9 {main}
CRITICAL - 2022-03-06 23:31:51 --> whereIn() expects $values to be of type array or closure
#0 C:\xampp\htdocs\360HRIS\system\Database\BaseBuilder.php(867): CodeIgniter\Database\BaseBuilder->_whereIn('user_id', '0,27', false, 'AND ', NULL)
#1 C:\xampp\htdocs\360HRIS\system\Model.php(800): CodeIgniter\Database\BaseBuilder->whereIn('user_id', '0,27')
#2 C:\xampp\htdocs\360HRIS\app\Helpers\notifications_helper.php(1159): CodeIgniter\Model->__call('whereIn', Array)
#3 C:\xampp\htdocs\360HRIS\app\Helpers\notifications_helper.php(3925): top_level_notify_upon_submission_complaints('complaint_setti...')
#4 C:\xampp\htdocs\360HRIS\app\Views\default\header.php(396): top_level_notifications_info()
#5 C:\xampp\htdocs\360HRIS\system\View\View.php(230): include('C:\\xampp\\htdocs...')
#6 C:\xampp\htdocs\360HRIS\system\View\View.php(232): CodeIgniter\View\View->CodeIgniter\View\{closure}()
#7 C:\xampp\htdocs\360HRIS\system\Common.php(1271): CodeIgniter\View\View->render('default/header', Array, true)
#8 C:\xampp\htdocs\360HRIS\app\Views\erp\layout\layout_main_company.php(93): view('default/header')
#9 C:\xampp\htdocs\360HRIS\system\View\View.php(230): include('C:\\xampp\\htdocs...')
#10 C:\xampp\htdocs\360HRIS\system\View\View.php(232): CodeIgniter\View\View->CodeIgniter\View\{closure}()
#11 C:\xampp\htdocs\360HRIS\system\Common.php(1271): CodeIgniter\View\View->render('erp/layout/layo...', Array, true)
#12 C:\xampp\htdocs\360HRIS\app\Views\erp\layout\layout_main.php(23): view('erp/layout/layo...')
#13 C:\xampp\htdocs\360HRIS\system\View\View.php(230): include('C:\\xampp\\htdocs...')
#14 C:\xampp\htdocs\360HRIS\system\View\View.php(232): CodeIgniter\View\View->CodeIgniter\View\{closure}()
#15 C:\xampp\htdocs\360HRIS\system\Common.php(1271): CodeIgniter\View\View->render('erp/layout/layo...', Array, true)
#16 C:\xampp\htdocs\360HRIS\app\Controllers\Erp\Dashboard.php(61): view('erp/layout/layo...', Array)
#17 C:\xampp\htdocs\360HRIS\system\CodeIgniter.php(928): App\Controllers\Erp\Dashboard->index()
#18 C:\xampp\htdocs\360HRIS\system\CodeIgniter.php(436): CodeIgniter\CodeIgniter->runController(Object(App\Controllers\Erp\Dashboard))
#19 C:\xampp\htdocs\360HRIS\system\CodeIgniter.php(336): CodeIgniter\CodeIgniter->handleRequest(NULL, Object(Config\Cache), false)
#20 C:\xampp\htdocs\360HRIS\index.php(45): CodeIgniter\CodeIgniter->run()
#21 {main}
