CRITICAL - 2022-02-01 00:03:05 --> Object of class DateTime could not be converted to string
#0 C:\xampp\htdocs\360HRIS\system\CodeIgniter.php(928): App\Controllers\Erp\Timesheet->add_overtime()
#1 C:\xampp\htdocs\360HRIS\system\CodeIgniter.php(436): CodeIgniter\CodeIgniter->runController(Object(App\Controllers\Erp\Timesheet))
#2 C:\xampp\htdocs\360HRIS\system\CodeIgniter.php(336): CodeIgniter\CodeIgniter->handleRequest(NULL, Object(Config\Cache), false)
#3 C:\xampp\htdocs\360HRIS\index.php(45): CodeIgniter\CodeIgniter->run()
#4 {main}
CRITICAL - 2022-02-01 00:04:43 --> Object of class DateTime could not be converted to string
#0 C:\xampp\htdocs\360HRIS\system\CodeIgniter.php(928): App\Controllers\Erp\Timesheet->add_overtime()
#1 C:\xampp\htdocs\360HRIS\system\CodeIgniter.php(436): CodeIgniter\CodeIgniter->runController(Object(App\Controllers\Erp\Timesheet))
#2 C:\xampp\htdocs\360HRIS\system\CodeIgniter.php(336): CodeIgniter\CodeIgniter->handleRequest(NULL, Object(Config\Cache), false)
#3 C:\xampp\htdocs\360HRIS\index.php(45): CodeIgniter\CodeIgniter->run()
#4 {main}
CRITICAL - 2022-02-01 00:08:49 --> date_format() expects parameter 1 to be DateTimeInterface, string given
#0 [internal function]: CodeIgniter\Debug\Exceptions->errorHandler(2, 'date_format() e...', 'C:\\xampp\\htdocs...', 1217, Array)
#1 C:\xampp\htdocs\360HRIS\app\Controllers\Erp\Timesheet.php(1217): date_format('Y-m-d H:i', Object(DateTime))
#2 C:\xampp\htdocs\360HRIS\system\CodeIgniter.php(928): App\Controllers\Erp\Timesheet->add_overtime()
#3 C:\xampp\htdocs\360HRIS\system\CodeIgniter.php(436): CodeIgniter\CodeIgniter->runController(Object(App\Controllers\Erp\Timesheet))
#4 C:\xampp\htdocs\360HRIS\system\CodeIgniter.php(336): CodeIgniter\CodeIgniter->handleRequest(NULL, Object(Config\Cache), false)
#5 C:\xampp\htdocs\360HRIS\index.php(45): CodeIgniter\CodeIgniter->run()
#6 {main}
CRITICAL - 2022-02-01 00:10:32 --> Undefined variable: db
#0 C:\xampp\htdocs\360HRIS\app\Controllers\Erp\Timesheet.php(1229): CodeIgniter\Debug\Exceptions->errorHandler(8, 'Undefined varia...', 'C:\\xampp\\htdocs...', 1229, Array)
#1 C:\xampp\htdocs\360HRIS\system\CodeIgniter.php(928): App\Controllers\Erp\Timesheet->add_overtime()
#2 C:\xampp\htdocs\360HRIS\system\CodeIgniter.php(436): CodeIgniter\CodeIgniter->runController(Object(App\Controllers\Erp\Timesheet))
#3 C:\xampp\htdocs\360HRIS\system\CodeIgniter.php(336): CodeIgniter\CodeIgniter->handleRequest(NULL, Object(Config\Cache), false)
#4 C:\xampp\htdocs\360HRIS\index.php(45): CodeIgniter\CodeIgniter->run()
#5 {main}
