CRITICAL - 2022-02-09 03:14:55 --> The action you requested is not allowed.
#0 C:\xampp\htdocs\360HRIS\system\Security\Security.php(240): CodeIgniter\Security\Exceptions\SecurityException::forDisallowedAction()
#1 C:\xampp\htdocs\360HRIS\system\Filters\CSRF.php(57): CodeIgniter\Security\Security->verify(Object(CodeIgniter\HTTP\IncomingRequest))
#2 C:\xampp\htdocs\360HRIS\system\Filters\Filters.php(181): CodeIgniter\Filters\CSRF->before(Object(CodeIgniter\HTTP\IncomingRequest), NULL)
#3 C:\xampp\htdocs\360HRIS\system\CodeIgniter.php(407): CodeIgniter\Filters\Filters->run('/kiosk/set_lunc...', 'before')
#4 C:\xampp\htdocs\360HRIS\system\CodeIgniter.php(336): CodeIgniter\CodeIgniter->handleRequest(NULL, Object(Config\Cache), false)
#5 C:\xampp\htdocs\360HRIS\index.php(45): CodeIgniter\CodeIgniter->run()
#6 {main}
CRITICAL - 2022-02-09 03:15:43 --> The action you requested is not allowed.
#0 C:\xampp\htdocs\360HRIS\system\Security\Security.php(240): CodeIgniter\Security\Exceptions\SecurityException::forDisallowedAction()
#1 C:\xampp\htdocs\360HRIS\system\Filters\CSRF.php(57): CodeIgniter\Security\Security->verify(Object(CodeIgniter\HTTP\IncomingRequest))
#2 C:\xampp\htdocs\360HRIS\system\Filters\Filters.php(181): CodeIgniter\Filters\CSRF->before(Object(CodeIgniter\HTTP\IncomingRequest), NULL)
#3 C:\xampp\htdocs\360HRIS\system\CodeIgniter.php(407): CodeIgniter\Filters\Filters->run('/kiosk/set_lunc...', 'before')
#4 C:\xampp\htdocs\360HRIS\system\CodeIgniter.php(336): CodeIgniter\CodeIgniter->handleRequest(NULL, Object(Config\Cache), false)
#5 C:\xampp\htdocs\360HRIS\index.php(45): CodeIgniter\CodeIgniter->run()
#6 {main}
CRITICAL - 2022-02-09 03:17:41 --> The action you requested is not allowed.
#0 C:\xampp\htdocs\360HRIS\system\Security\Security.php(240): CodeIgniter\Security\Exceptions\SecurityException::forDisallowedAction()
#1 C:\xampp\htdocs\360HRIS\system\Filters\CSRF.php(57): CodeIgniter\Security\Security->verify(Object(CodeIgniter\HTTP\IncomingRequest))
#2 C:\xampp\htdocs\360HRIS\system\Filters\Filters.php(181): CodeIgniter\Filters\CSRF->before(Object(CodeIgniter\HTTP\IncomingRequest), NULL)
#3 C:\xampp\htdocs\360HRIS\system\CodeIgniter.php(407): CodeIgniter\Filters\Filters->run('/kiosk/set_lunc...', 'before')
#4 C:\xampp\htdocs\360HRIS\system\CodeIgniter.php(336): CodeIgniter\CodeIgniter->handleRequest(NULL, Object(Config\Cache), false)
#5 C:\xampp\htdocs\360HRIS\index.php(45): CodeIgniter\CodeIgniter->run()
#6 {main}
CRITICAL - 2022-02-09 01:34:11 --> Table 'z360h694_icloudhr.ci_chat_messages' doesn't exist
#0 C:\xampp\htdocs\360HRIS\system\Database\MySQLi\Connection.php(329): mysqli->query('SELECT COUNT(*)...')
#1 C:\xampp\htdocs\360HRIS\system\Database\BaseConnection.php(732): CodeIgniter\Database\MySQLi\Connection->execute('SELECT COUNT(*)...')
#2 C:\xampp\htdocs\360HRIS\system\Database\BaseConnection.php(647): CodeIgniter\Database\BaseConnection->simpleQuery('SELECT COUNT(*)...')
#3 C:\xampp\htdocs\360HRIS\system\Database\BaseBuilder.php(1981): CodeIgniter\Database\BaseConnection->query('SELECT COUNT(*)...', Array, false)
#4 C:\xampp\htdocs\360HRIS\system\Model.php(561): CodeIgniter\Database\BaseBuilder->countAllResults(true)
#5 C:\xampp\htdocs\360HRIS\app\Views\default\header.php(455): CodeIgniter\Model->countAllResults()
#6 C:\xampp\htdocs\360HRIS\system\View\View.php(230): include('C:\\xampp\\htdocs...')
#7 C:\xampp\htdocs\360HRIS\system\View\View.php(232): CodeIgniter\View\View->CodeIgniter\View\{closure}()
#8 C:\xampp\htdocs\360HRIS\system\Common.php(1271): CodeIgniter\View\View->render('default/header', Array, true)
#9 C:\xampp\htdocs\360HRIS\app\Views\erp\layout\layout_main_company.php(93): view('default/header')
#10 C:\xampp\htdocs\360HRIS\system\View\View.php(230): include('C:\\xampp\\htdocs...')
#11 C:\xampp\htdocs\360HRIS\system\View\View.php(232): CodeIgniter\View\View->CodeIgniter\View\{closure}()
#12 C:\xampp\htdocs\360HRIS\system\Common.php(1271): CodeIgniter\View\View->render('erp/layout/layo...', Array, true)
#13 C:\xampp\htdocs\360HRIS\app\Views\erp\layout\layout_main.php(23): view('erp/layout/layo...')
#14 C:\xampp\htdocs\360HRIS\system\View\View.php(230): include('C:\\xampp\\htdocs...')
#15 C:\xampp\htdocs\360HRIS\system\View\View.php(232): CodeIgniter\View\View->CodeIgniter\View\{closure}()
#16 C:\xampp\htdocs\360HRIS\system\Common.php(1271): CodeIgniter\View\View->render('erp/layout/layo...', Array, true)
#17 C:\xampp\htdocs\360HRIS\app\Controllers\Erp\Dashboard.php(61): view('erp/layout/layo...', Array)
#18 C:\xampp\htdocs\360HRIS\system\CodeIgniter.php(928): App\Controllers\Erp\Dashboard->index()
#19 C:\xampp\htdocs\360HRIS\system\CodeIgniter.php(436): CodeIgniter\CodeIgniter->runController(Object(App\Controllers\Erp\Dashboard))
#20 C:\xampp\htdocs\360HRIS\system\CodeIgniter.php(336): CodeIgniter\CodeIgniter->handleRequest(NULL, Object(Config\Cache), false)
#21 C:\xampp\htdocs\360HRIS\index.php(45): CodeIgniter\CodeIgniter->run()
#22 {main}
CRITICAL - 2022-02-09 05:06:54 --> Undefined variable: usession
#0 C:\xampp\htdocs\360HRIS\app\Helpers\timehr_helper.php(208): CodeIgniter\Debug\Exceptions->errorHandler(8, 'Undefined varia...', 'C:\\xampp\\htdocs...', 208, Array)
#1 C:\xampp\htdocs\360HRIS\app\Controllers\Kiosk.php(218): check_user_attendance_clockout_value_kiosk('29')
#2 C:\xampp\htdocs\360HRIS\system\CodeIgniter.php(928): App\Controllers\Kiosk->set_clocking()
#3 C:\xampp\htdocs\360HRIS\system\CodeIgniter.php(436): CodeIgniter\CodeIgniter->runController(Object(App\Controllers\Kiosk))
#4 C:\xampp\htdocs\360HRIS\system\CodeIgniter.php(336): CodeIgniter\CodeIgniter->handleRequest(NULL, Object(Config\Cache), false)
#5 C:\xampp\htdocs\360HRIS\index.php(45): CodeIgniter\CodeIgniter->run()
#6 {main}
CRITICAL - 2022-02-09 05:08:02 --> Object of class DateTime could not be converted to int
#0 C:\xampp\htdocs\360HRIS\app\Controllers\Kiosk.php(231): CodeIgniter\Debug\Exceptions->errorHandler(8, 'Object of class...', 'C:\\xampp\\htdocs...', 231, Array)
#1 C:\xampp\htdocs\360HRIS\system\CodeIgniter.php(928): App\Controllers\Kiosk->set_clocking()
#2 C:\xampp\htdocs\360HRIS\system\CodeIgniter.php(436): CodeIgniter\CodeIgniter->runController(Object(App\Controllers\Kiosk))
#3 C:\xampp\htdocs\360HRIS\system\CodeIgniter.php(336): CodeIgniter\CodeIgniter->handleRequest(NULL, Object(Config\Cache), false)
#4 C:\xampp\htdocs\360HRIS\index.php(45): CodeIgniter\CodeIgniter->run()
#5 {main}
CRITICAL - 2022-02-09 05:13:18 --> Object of class DateTime could not be converted to int
#0 C:\xampp\htdocs\360HRIS\app\Controllers\Kiosk.php(233): CodeIgniter\Debug\Exceptions->errorHandler(8, 'Object of class...', 'C:\\xampp\\htdocs...', 233, Array)
#1 C:\xampp\htdocs\360HRIS\system\CodeIgniter.php(928): App\Controllers\Kiosk->set_clocking()
#2 C:\xampp\htdocs\360HRIS\system\CodeIgniter.php(436): CodeIgniter\CodeIgniter->runController(Object(App\Controllers\Kiosk))
#3 C:\xampp\htdocs\360HRIS\system\CodeIgniter.php(336): CodeIgniter\CodeIgniter->handleRequest(NULL, Object(Config\Cache), false)
#4 C:\xampp\htdocs\360HRIS\index.php(45): CodeIgniter\CodeIgniter->run()
#5 {main}
CRITICAL - 2022-02-09 04:03:22 --> Table 'z360h694_icloudhr.ci_chat_messages' doesn't exist
#0 C:\xampp\htdocs\360HRIS\system\Database\MySQLi\Connection.php(329): mysqli->query('SELECT COUNT(*)...')
#1 C:\xampp\htdocs\360HRIS\system\Database\BaseConnection.php(732): CodeIgniter\Database\MySQLi\Connection->execute('SELECT COUNT(*)...')
#2 C:\xampp\htdocs\360HRIS\system\Database\BaseConnection.php(647): CodeIgniter\Database\BaseConnection->simpleQuery('SELECT COUNT(*)...')
#3 C:\xampp\htdocs\360HRIS\system\Database\BaseBuilder.php(1981): CodeIgniter\Database\BaseConnection->query('SELECT COUNT(*)...', Array, false)
#4 C:\xampp\htdocs\360HRIS\system\Model.php(561): CodeIgniter\Database\BaseBuilder->countAllResults(true)
#5 C:\xampp\htdocs\360HRIS\app\Views\default\header.php(455): CodeIgniter\Model->countAllResults()
#6 C:\xampp\htdocs\360HRIS\system\View\View.php(230): include('C:\\xampp\\htdocs...')
#7 C:\xampp\htdocs\360HRIS\system\View\View.php(232): CodeIgniter\View\View->CodeIgniter\View\{closure}()
#8 C:\xampp\htdocs\360HRIS\system\Common.php(1271): CodeIgniter\View\View->render('default/header', Array, true)
#9 C:\xampp\htdocs\360HRIS\app\Views\erp\layout\layout_main_company.php(93): view('default/header')
#10 C:\xampp\htdocs\360HRIS\system\View\View.php(230): include('C:\\xampp\\htdocs...')
#11 C:\xampp\htdocs\360HRIS\system\View\View.php(232): CodeIgniter\View\View->CodeIgniter\View\{closure}()
#12 C:\xampp\htdocs\360HRIS\system\Common.php(1271): CodeIgniter\View\View->render('erp/layout/layo...', Array, true)
#13 C:\xampp\htdocs\360HRIS\app\Views\erp\layout\layout_main.php(23): view('erp/layout/layo...')
#14 C:\xampp\htdocs\360HRIS\system\View\View.php(230): include('C:\\xampp\\htdocs...')
#15 C:\xampp\htdocs\360HRIS\system\View\View.php(232): CodeIgniter\View\View->CodeIgniter\View\{closure}()
#16 C:\xampp\htdocs\360HRIS\system\Common.php(1271): CodeIgniter\View\View->render('erp/layout/layo...', Array, true)
#17 C:\xampp\htdocs\360HRIS\app\Controllers\Erp\Dashboard.php(61): view('erp/layout/layo...', Array)
#18 C:\xampp\htdocs\360HRIS\system\CodeIgniter.php(928): App\Controllers\Erp\Dashboard->index()
#19 C:\xampp\htdocs\360HRIS\system\CodeIgniter.php(436): CodeIgniter\CodeIgniter->runController(Object(App\Controllers\Erp\Dashboard))
#20 C:\xampp\htdocs\360HRIS\system\CodeIgniter.php(336): CodeIgniter\CodeIgniter->handleRequest(NULL, Object(Config\Cache), false)
#21 C:\xampp\htdocs\360HRIS\index.php(45): CodeIgniter\CodeIgniter->run()
#22 {main}
CRITICAL - 2022-02-09 04:10:34 --> Object of class DateTime could not be converted to string
#0 C:\xampp\htdocs\360HRIS\system\View\View.php(230): include()
#1 C:\xampp\htdocs\360HRIS\system\View\View.php(232): CodeIgniter\View\View->CodeIgniter\View\{closure}()
#2 C:\xampp\htdocs\360HRIS\system\Common.php(1271): CodeIgniter\View\View->render('erp/timesheet/d...', Array, true)
#3 C:\xampp\htdocs\360HRIS\app\Controllers\Erp\Timesheet.php(2052): view('erp/timesheet/d...', Array)
#4 C:\xampp\htdocs\360HRIS\system\CodeIgniter.php(928): App\Controllers\Erp\Timesheet->read_overtime_request()
#5 C:\xampp\htdocs\360HRIS\system\CodeIgniter.php(436): CodeIgniter\CodeIgniter->runController(Object(App\Controllers\Erp\Timesheet))
#6 C:\xampp\htdocs\360HRIS\system\CodeIgniter.php(336): CodeIgniter\CodeIgniter->handleRequest(NULL, Object(Config\Cache), false)
#7 C:\xampp\htdocs\360HRIS\index.php(45): CodeIgniter\CodeIgniter->run()
#8 {main}
CRITICAL - 2022-02-09 04:10:46 --> Table 'z360h694_icloudhr.ci_chat_messages' doesn't exist
#0 C:\xampp\htdocs\360HRIS\system\Database\MySQLi\Connection.php(329): mysqli->query('SELECT COUNT(*)...')
#1 C:\xampp\htdocs\360HRIS\system\Database\BaseConnection.php(732): CodeIgniter\Database\MySQLi\Connection->execute('SELECT COUNT(*)...')
#2 C:\xampp\htdocs\360HRIS\system\Database\BaseConnection.php(647): CodeIgniter\Database\BaseConnection->simpleQuery('SELECT COUNT(*)...')
#3 C:\xampp\htdocs\360HRIS\system\Database\BaseBuilder.php(1981): CodeIgniter\Database\BaseConnection->query('SELECT COUNT(*)...', Array, false)
#4 C:\xampp\htdocs\360HRIS\system\Model.php(561): CodeIgniter\Database\BaseBuilder->countAllResults(true)
#5 C:\xampp\htdocs\360HRIS\app\Controllers\Erp\Chat.php(290): CodeIgniter\Model->countAllResults()
#6 C:\xampp\htdocs\360HRIS\system\CodeIgniter.php(928): App\Controllers\Erp\Chat->refresh_chat_count()
#7 C:\xampp\htdocs\360HRIS\system\CodeIgniter.php(436): CodeIgniter\CodeIgniter->runController(Object(App\Controllers\Erp\Chat))
#8 C:\xampp\htdocs\360HRIS\system\CodeIgniter.php(336): CodeIgniter\CodeIgniter->handleRequest(NULL, Object(Config\Cache), false)
#9 C:\xampp\htdocs\360HRIS\index.php(45): CodeIgniter\CodeIgniter->run()
#10 {main}
CRITICAL - 2022-02-09 04:10:47 --> Table 'z360h694_icloudhr.ci_chat_messages' doesn't exist
#0 C:\xampp\htdocs\360HRIS\system\Database\MySQLi\Connection.php(329): mysqli->query('SELECT COUNT(*)...')
#1 C:\xampp\htdocs\360HRIS\system\Database\BaseConnection.php(732): CodeIgniter\Database\MySQLi\Connection->execute('SELECT COUNT(*)...')
#2 C:\xampp\htdocs\360HRIS\system\Database\BaseConnection.php(647): CodeIgniter\Database\BaseConnection->simpleQuery('SELECT COUNT(*)...')
#3 C:\xampp\htdocs\360HRIS\system\Database\BaseBuilder.php(1981): CodeIgniter\Database\BaseConnection->query('SELECT COUNT(*)...', Array, false)
#4 C:\xampp\htdocs\360HRIS\system\Model.php(561): CodeIgniter\Database\BaseBuilder->countAllResults(true)
#5 C:\xampp\htdocs\360HRIS\app\Controllers\Erp\Chat.php(314): CodeIgniter\Model->countAllResults()
#6 C:\xampp\htdocs\360HRIS\system\CodeIgniter.php(928): App\Controllers\Erp\Chat->refresh_chat_count_notify()
#7 C:\xampp\htdocs\360HRIS\system\CodeIgniter.php(436): CodeIgniter\CodeIgniter->runController(Object(App\Controllers\Erp\Chat))
#8 C:\xampp\htdocs\360HRIS\system\CodeIgniter.php(336): CodeIgniter\CodeIgniter->handleRequest(NULL, Object(Config\Cache), false)
#9 C:\xampp\htdocs\360HRIS\index.php(45): CodeIgniter\CodeIgniter->run()
#10 {main}
CRITICAL - 2022-02-09 04:10:48 --> Table 'z360h694_icloudhr.ci_chat_messages' doesn't exist
#0 C:\xampp\htdocs\360HRIS\system\Database\MySQLi\Connection.php(329): mysqli->query('SELECT COUNT(*)...')
#1 C:\xampp\htdocs\360HRIS\system\Database\BaseConnection.php(732): CodeIgniter\Database\MySQLi\Connection->execute('SELECT COUNT(*)...')
#2 C:\xampp\htdocs\360HRIS\system\Database\BaseConnection.php(647): CodeIgniter\Database\BaseConnection->simpleQuery('SELECT COUNT(*)...')
#3 C:\xampp\htdocs\360HRIS\system\Database\BaseBuilder.php(1981): CodeIgniter\Database\BaseConnection->query('SELECT COUNT(*)...', Array, false)
#4 C:\xampp\htdocs\360HRIS\system\Model.php(561): CodeIgniter\Database\BaseBuilder->countAllResults(true)
#5 C:\xampp\htdocs\360HRIS\app\Views\default\header.php(455): CodeIgniter\Model->countAllResults()
#6 C:\xampp\htdocs\360HRIS\system\View\View.php(230): include('C:\\xampp\\htdocs...')
#7 C:\xampp\htdocs\360HRIS\system\View\View.php(232): CodeIgniter\View\View->CodeIgniter\View\{closure}()
#8 C:\xampp\htdocs\360HRIS\system\Common.php(1271): CodeIgniter\View\View->render('default/header', Array, true)
#9 C:\xampp\htdocs\360HRIS\app\Views\erp\layout\layout_main_company.php(93): view('default/header')
#10 C:\xampp\htdocs\360HRIS\system\View\View.php(230): include('C:\\xampp\\htdocs...')
#11 C:\xampp\htdocs\360HRIS\system\View\View.php(232): CodeIgniter\View\View->CodeIgniter\View\{closure}()
#12 C:\xampp\htdocs\360HRIS\system\Common.php(1271): CodeIgniter\View\View->render('erp/layout/layo...', Array, true)
#13 C:\xampp\htdocs\360HRIS\app\Views\erp\layout\layout_main.php(23): view('erp/layout/layo...')
#14 C:\xampp\htdocs\360HRIS\system\View\View.php(230): include('C:\\xampp\\htdocs...')
#15 C:\xampp\htdocs\360HRIS\system\View\View.php(232): CodeIgniter\View\View->CodeIgniter\View\{closure}()
#16 C:\xampp\htdocs\360HRIS\system\Common.php(1271): CodeIgniter\View\View->render('erp/layout/layo...', Array, true)
#17 C:\xampp\htdocs\360HRIS\app\Controllers\Erp\Timesheet.php(320): view('erp/layout/layo...', Array)
#18 C:\xampp\htdocs\360HRIS\system\CodeIgniter.php(928): App\Controllers\Erp\Timesheet->overtime_request()
#19 C:\xampp\htdocs\360HRIS\system\CodeIgniter.php(436): CodeIgniter\CodeIgniter->runController(Object(App\Controllers\Erp\Timesheet))
#20 C:\xampp\htdocs\360HRIS\system\CodeIgniter.php(336): CodeIgniter\CodeIgniter->handleRequest(NULL, Object(Config\Cache), false)
#21 C:\xampp\htdocs\360HRIS\index.php(45): CodeIgniter\CodeIgniter->run()
#22 {main}
