CRITICAL - 2022-02-12 11:22:11 --> Argument 1 passed to CodeIgniter\I18n\Time::parse() must be of the type string, null given, called in C:\xampp\htdocs\360HRIS\app\Views\erp\dashboard\staff_dashboard_v2.php on line 658
#0 C:\xampp\htdocs\360HRIS\app\Views\erp\dashboard\staff_dashboard_v2.php(658): CodeIgniter\I18n\Time::parse(NULL)
#1 C:\xampp\htdocs\360HRIS\system\View\View.php(230): include('C:\\xampp\\htdocs...')
#2 C:\xampp\htdocs\360HRIS\system\View\View.php(232): CodeIgniter\View\View->CodeIgniter\View\{closure}()
#3 C:\xampp\htdocs\360HRIS\system\Common.php(1271): CodeIgniter\View\View->render('erp/dashboard/s...', Array, true)
#4 C:\xampp\htdocs\360HRIS\app\Views\erp\dashboard\index.php(40): view('erp/dashboard/s...')
#5 C:\xampp\htdocs\360HRIS\system\View\View.php(230): include('C:\\xampp\\htdocs...')
#6 C:\xampp\htdocs\360HRIS\system\View\View.php(232): CodeIgniter\View\View->CodeIgniter\View\{closure}()
#7 C:\xampp\htdocs\360HRIS\system\Common.php(1271): CodeIgniter\View\View->render('erp/dashboard/i...', Array, true)
#8 C:\xampp\htdocs\360HRIS\app\Controllers\Erp\Dashboard.php(60): view('erp/dashboard/i...', Array)
#9 C:\xampp\htdocs\360HRIS\system\CodeIgniter.php(928): App\Controllers\Erp\Dashboard->index()
#10 C:\xampp\htdocs\360HRIS\system\CodeIgniter.php(436): CodeIgniter\CodeIgniter->runController(Object(App\Controllers\Erp\Dashboard))
#11 C:\xampp\htdocs\360HRIS\system\CodeIgniter.php(336): CodeIgniter\CodeIgniter->handleRequest(NULL, Object(Config\Cache), false)
#12 C:\xampp\htdocs\360HRIS\index.php(45): CodeIgniter\CodeIgniter->run()
#13 {main}
CRITICAL - 2022-02-12 11:23:02 --> Argument 1 passed to CodeIgniter\I18n\Time::parse() must be of the type string, null given, called in C:\xampp\htdocs\360HRIS\app\Views\erp\employees\staff_details.php on line 2224
#0 C:\xampp\htdocs\360HRIS\app\Views\erp\employees\staff_details.php(2224): CodeIgniter\I18n\Time::parse(NULL)
#1 C:\xampp\htdocs\360HRIS\system\View\View.php(230): include('C:\\xampp\\htdocs...')
#2 C:\xampp\htdocs\360HRIS\system\View\View.php(232): CodeIgniter\View\View->CodeIgniter\View\{closure}()
#3 C:\xampp\htdocs\360HRIS\system\Common.php(1271): CodeIgniter\View\View->render('erp/employees/s...', Array, true)
#4 C:\xampp\htdocs\360HRIS\app\Controllers\Erp\Employees.php(162): view('erp/employees/s...', Array)
#5 C:\xampp\htdocs\360HRIS\system\CodeIgniter.php(928): App\Controllers\Erp\Employees->staff_details()
#6 C:\xampp\htdocs\360HRIS\system\CodeIgniter.php(436): CodeIgniter\CodeIgniter->runController(Object(App\Controllers\Erp\Employees))
#7 C:\xampp\htdocs\360HRIS\system\CodeIgniter.php(336): CodeIgniter\CodeIgniter->handleRequest(NULL, Object(Config\Cache), false)
#8 C:\xampp\htdocs\360HRIS\index.php(45): CodeIgniter\CodeIgniter->run()
#9 {main}
CRITICAL - 2022-02-12 11:41:07 --> Argument 1 passed to CodeIgniter\I18n\Time::parse() must be of the type string, null given, called in C:\xampp\htdocs\360HRIS\app\Views\erp\leave_reports\leave_summary_reports.php on line 95
#0 C:\xampp\htdocs\360HRIS\app\Views\erp\leave_reports\leave_summary_reports.php(95): CodeIgniter\I18n\Time::parse(NULL)
#1 C:\xampp\htdocs\360HRIS\system\View\View.php(230): include('C:\\xampp\\htdocs...')
#2 C:\xampp\htdocs\360HRIS\system\View\View.php(232): CodeIgniter\View\View->CodeIgniter\View\{closure}()
#3 C:\xampp\htdocs\360HRIS\system\Common.php(1271): CodeIgniter\View\View->render('erp/leave_repor...', Array, true)
#4 C:\xampp\htdocs\360HRIS\app\Controllers\Erp\Leave.php(139): view('erp/leave_repor...', Array)
#5 C:\xampp\htdocs\360HRIS\system\CodeIgniter.php(928): App\Controllers\Erp\Leave->leave_summary_report()
#6 C:\xampp\htdocs\360HRIS\system\CodeIgniter.php(436): CodeIgniter\CodeIgniter->runController(Object(App\Controllers\Erp\Leave))
#7 C:\xampp\htdocs\360HRIS\system\CodeIgniter.php(336): CodeIgniter\CodeIgniter->handleRequest(NULL, Object(Config\Cache), false)
#8 C:\xampp\htdocs\360HRIS\index.php(45): CodeIgniter\CodeIgniter->run()
#9 {main}
CRITICAL - 2022-02-12 11:41:48 --> Argument 1 passed to CodeIgniter\I18n\Time::parse() must be of the type string, null given, called in C:\xampp\htdocs\360HRIS\app\Views\erp\leave_reports\leave_summary_reports.php on line 95
#0 C:\xampp\htdocs\360HRIS\app\Views\erp\leave_reports\leave_summary_reports.php(95): CodeIgniter\I18n\Time::parse(NULL)
#1 C:\xampp\htdocs\360HRIS\system\View\View.php(230): include('C:\\xampp\\htdocs...')
#2 C:\xampp\htdocs\360HRIS\system\View\View.php(232): CodeIgniter\View\View->CodeIgniter\View\{closure}()
#3 C:\xampp\htdocs\360HRIS\system\Common.php(1271): CodeIgniter\View\View->render('erp/leave_repor...', Array, true)
#4 C:\xampp\htdocs\360HRIS\app\Controllers\Erp\Leave.php(139): view('erp/leave_repor...', Array)
#5 C:\xampp\htdocs\360HRIS\system\CodeIgniter.php(928): App\Controllers\Erp\Leave->leave_summary_report()
#6 C:\xampp\htdocs\360HRIS\system\CodeIgniter.php(436): CodeIgniter\CodeIgniter->runController(Object(App\Controllers\Erp\Leave))
#7 C:\xampp\htdocs\360HRIS\system\CodeIgniter.php(336): CodeIgniter\CodeIgniter->handleRequest(NULL, Object(Config\Cache), false)
#8 C:\xampp\htdocs\360HRIS\index.php(45): CodeIgniter\CodeIgniter->run()
#9 {main}
CRITICAL - 2022-02-12 12:25:27 --> Argument 1 passed to CodeIgniter\I18n\Time::parse() must be of the type string, null given, called in C:\xampp\htdocs\360HRIS\app\Views\erp\leave_reports\leave_summary_reports.php on line 95
#0 C:\xampp\htdocs\360HRIS\app\Views\erp\leave_reports\leave_summary_reports.php(95): CodeIgniter\I18n\Time::parse(NULL)
#1 C:\xampp\htdocs\360HRIS\system\View\View.php(230): include('C:\\xampp\\htdocs...')
#2 C:\xampp\htdocs\360HRIS\system\View\View.php(232): CodeIgniter\View\View->CodeIgniter\View\{closure}()
#3 C:\xampp\htdocs\360HRIS\system\Common.php(1271): CodeIgniter\View\View->render('erp/leave_repor...', Array, true)
#4 C:\xampp\htdocs\360HRIS\app\Controllers\Erp\Leave.php(139): view('erp/leave_repor...', Array)
#5 C:\xampp\htdocs\360HRIS\system\CodeIgniter.php(928): App\Controllers\Erp\Leave->leave_summary_report()
#6 C:\xampp\htdocs\360HRIS\system\CodeIgniter.php(436): CodeIgniter\CodeIgniter->runController(Object(App\Controllers\Erp\Leave))
#7 C:\xampp\htdocs\360HRIS\system\CodeIgniter.php(336): CodeIgniter\CodeIgniter->handleRequest(NULL, Object(Config\Cache), false)
#8 C:\xampp\htdocs\360HRIS\index.php(45): CodeIgniter\CodeIgniter->run()
#9 {main}
CRITICAL - 2022-02-12 13:02:06 --> date_diff() expects parameter 2 to be DateTimeInterface, bool given
#0 [internal function]: CodeIgniter\Debug\Exceptions->errorHandler(2, 'date_diff() exp...', 'C:\\xampp\\htdocs...', 110, Array)
#1 C:\xampp\htdocs\360HRIS\app\Views\erp\leave_reports\leave_summary_reports.php(110): date_diff(Object(DateTime), false)
#2 C:\xampp\htdocs\360HRIS\system\View\View.php(230): include('C:\\xampp\\htdocs...')
#3 C:\xampp\htdocs\360HRIS\system\View\View.php(232): CodeIgniter\View\View->CodeIgniter\View\{closure}()
#4 C:\xampp\htdocs\360HRIS\system\Common.php(1271): CodeIgniter\View\View->render('erp/leave_repor...', Array, true)
#5 C:\xampp\htdocs\360HRIS\app\Controllers\Erp\Leave.php(139): view('erp/leave_repor...', Array)
#6 C:\xampp\htdocs\360HRIS\system\CodeIgniter.php(928): App\Controllers\Erp\Leave->leave_summary_report()
#7 C:\xampp\htdocs\360HRIS\system\CodeIgniter.php(436): CodeIgniter\CodeIgniter->runController(Object(App\Controllers\Erp\Leave))
#8 C:\xampp\htdocs\360HRIS\system\CodeIgniter.php(336): CodeIgniter\CodeIgniter->handleRequest(NULL, Object(Config\Cache), false)
#9 C:\xampp\htdocs\360HRIS\index.php(45): CodeIgniter\CodeIgniter->run()
#10 {main}
CRITICAL - 2022-02-12 13:02:54 --> date_diff() expects parameter 2 to be DateTimeInterface, bool given
#0 [internal function]: CodeIgniter\Debug\Exceptions->errorHandler(2, 'date_diff() exp...', 'C:\\xampp\\htdocs...', 111, Array)
#1 C:\xampp\htdocs\360HRIS\app\Views\erp\leave_reports\leave_summary_reports.php(111): date_diff(Object(DateTime), false)
#2 C:\xampp\htdocs\360HRIS\system\View\View.php(230): include('C:\\xampp\\htdocs...')
#3 C:\xampp\htdocs\360HRIS\system\View\View.php(232): CodeIgniter\View\View->CodeIgniter\View\{closure}()
#4 C:\xampp\htdocs\360HRIS\system\Common.php(1271): CodeIgniter\View\View->render('erp/leave_repor...', Array, true)
#5 C:\xampp\htdocs\360HRIS\app\Controllers\Erp\Leave.php(139): view('erp/leave_repor...', Array)
#6 C:\xampp\htdocs\360HRIS\system\CodeIgniter.php(928): App\Controllers\Erp\Leave->leave_summary_report()
#7 C:\xampp\htdocs\360HRIS\system\CodeIgniter.php(436): CodeIgniter\CodeIgniter->runController(Object(App\Controllers\Erp\Leave))
#8 C:\xampp\htdocs\360HRIS\system\CodeIgniter.php(336): CodeIgniter\CodeIgniter->handleRequest(NULL, Object(Config\Cache), false)
#9 C:\xampp\htdocs\360HRIS\index.php(45): CodeIgniter\CodeIgniter->run()
#10 {main}
CRITICAL - 2022-02-12 13:08:21 --> Maximum execution time of 120 seconds exceeded
#0 [internal function]: CodeIgniter\Debug\Exceptions->shutdownHandler()
#1 {main}
